<?xml version="1.0" encoding="UTF-8"?>
<!-- Generated by org.testng.reporters.JUnitXMLReporter -->
<testsuite ignored="3" hostname="RIS-qB65DrhV8HK" failures="0" tests="1" name="Default test" time="9.329" errors="0" timestamp="2022-03-12T01:17:29 CST">
  <testcase classname="testcases.LoginTest" name="LoginFailureTest" time="6.51"/>
  <testcase classname="testcases.LoginTest" name="ParameterizedTest" time="0.0">
    <ignored/>
  </testcase> <!-- ParameterizedTest -->
  <testcase classname="testcases.LoginTest" name="LoginSuccessTest" time="0.0">
    <ignored/>
  </testcase> <!-- LoginSuccessTest -->
  <testcase classname="testcases.LoginTest" name="ExternalDataTest" time="0.0">
    <ignored/>
  </testcase> <!-- ExternalDataTest -->
</testsuite> <!-- Default test -->
