<?xml version="1.0" encoding="UTF-8"?>
<!-- Generated by org.testng.reporters.JUnitXMLReporter -->
<testsuite ignored="0" hostname="RIS-qB65DrhV8HK" failures="0" tests="3" name="Test" time="21.842" errors="0" timestamp="2022-03-11T23:19:01 CST">
  <testcase classname="testcases.LoginTest" name="LoginFailureTest" time="5.65"/>
  <testcase classname="testcases.LoginTest" name="LoginSuccessTest" time="4.668"/>
  <testcase classname="testcases.LoginTest" name="ParameterizedTest" time="6.066"/>
</testsuite> <!-- Test -->
