<?xml version="1.0" encoding="UTF-8"?>
<!-- Generated by org.testng.reporters.JUnitXMLReporter -->
<testsuite hostname="RIS-qB65DrhV8HK" ignored="0" name="Test" tests="4" failures="1" timestamp="2022-03-18T23:11:24 CDT" time="32.16" errors="0">
  <testcase name="ExternalDataTest" time="4.252" classname="testcases.LoginTest">
    <failure type="java.lang.NullPointerException">
      <![CDATA[java.lang.NullPointerException
at pages.LoginPage.LoginFunction(LoginPage.java:48)
at testcases.LoginTest.ExternalDataTest(LoginTest.java:55)
at java.util.ArrayList.forEach(ArrayList.java:1257)
... Removed 31 stack frames]]>
    </failure>
  </testcase> <!-- ExternalDataTest -->
  <testcase name="LoginFailureTest" time="6.108" classname="testcases.LoginTest"/>
  <testcase name="LoginSuccessTest" time="3.301" classname="testcases.LoginTest"/>
  <testcase name="ParameterizedTest" time="7.139" classname="testcases.LoginTest"/>
</testsuite> <!-- Test -->
