-------------------------------------------------------------------------------
Test set: TestSuite
-------------------------------------------------------------------------------
Tests run: 4, Failures: 1, Errors: 0, Skipped: 0, Time elapsed: 32.476 s <<< FAILURE! - in TestSuite
testcases.LoginTest.ExternalDataTest  Time elapsed: 4.249 s  <<< FAILURE!
java.lang.NullPointerException
	at testcases.LoginTest.ExternalDataTest(LoginTest.java:55)

