<?xml version="1.0" encoding="UTF-8"?>
<testng-results ignored="3" total="4" passed="1" failed="0" skipped="0">
  <reporter-output>
  </reporter-output>
  <suite started-at="2022-03-12T01:17:20 CST" name="Default suite" finished-at="2022-03-12T01:17:29 CST" duration-ms="9329">
    <groups>
    </groups>
    <test started-at="2022-03-12T01:17:20 CST" name="Default test" finished-at="2022-03-12T01:17:29 CST" duration-ms="9329">
      <class name="testcases.LoginTest">
        <test-method is-config="true" signature="DataSetUp()[pri:0, instance:testcases.LoginTest@63a12c68]" started-at="2022-03-12T01:17:20 CST" name="DataSetUp" finished-at="2022-03-12T01:17:20 CST" duration-ms="436" status="PASS">
          <reporter-output>
          </reporter-output>
        </test-method> <!-- DataSetUp -->
        <test-method is-config="true" signature="SetUp()[pri:0, instance:testcases.LoginTest@63a12c68]" started-at="2022-03-12T01:17:20 CST" name="SetUp" finished-at="2022-03-12T01:17:22 CST" duration-ms="2060" status="PASS">
          <reporter-output>
          </reporter-output>
        </test-method> <!-- SetUp -->
        <test-method signature="LoginFailureTest()[pri:0, instance:testcases.LoginTest@63a12c68]" started-at="2022-03-12T01:17:22 CST" name="LoginFailureTest" finished-at="2022-03-12T01:17:29 CST" duration-ms="6510" status="PASS">
          <reporter-output>
          </reporter-output>
        </test-method> <!-- LoginFailureTest -->
        <test-method is-config="true" signature="TearDown()[pri:0, instance:testcases.LoginTest@63a12c68]" started-at="2022-03-12T01:17:29 CST" name="TearDown" finished-at="2022-03-12T01:17:29 CST" duration-ms="136" status="PASS">
          <reporter-output>
          </reporter-output>
        </test-method> <!-- TearDown -->
        <test-method is-config="true" signature="DataTearDown()[pri:0, instance:testcases.LoginTest@63a12c68]" started-at="2022-03-12T01:17:29 CST" name="DataTearDown" finished-at="2022-03-12T01:17:29 CST" duration-ms="167" status="PASS">
          <reporter-output>
          </reporter-output>
        </test-method> <!-- DataTearDown -->
      </class> <!-- testcases.LoginTest -->
    </test> <!-- Default test -->
  </suite> <!-- Default suite -->
</testng-results>
